Performing C SOURCE FILE Test CMAKE_HAVE_LIBC_PTHREAD failed with the following output:
Change Dir: /home/brky/workspaces/fjnunes_ws/src/ompl/build/Release/CMakeFiles/CMakeTmp

Run Build Command(s):/usr/bin/make cmTC_5730b/fast && /usr/bin/make -f CMakeFiles/cmTC_5730b.dir/build.make CMakeFiles/cmTC_5730b.dir/build
make[1]: Entering directory '/home/brky/workspaces/fjnunes_ws/src/ompl/build/Release/CMakeFiles/CMakeTmp'
Building C object CMakeFiles/cmTC_5730b.dir/src.c.o
/usr/bin/cc   -DCMAKE_HAVE_LIBC_PTHREAD   -o CMakeFiles/cmTC_5730b.dir/src.c.o   -c /home/brky/workspaces/fjnunes_ws/src/ompl/build/Release/CMakeFiles/CMakeTmp/src.c
Linking C executable cmTC_5730b
/usr/local/bin/cmake -E cmake_link_script CMakeFiles/cmTC_5730b.dir/link.txt --verbose=1
/usr/bin/cc  -DCMAKE_HAVE_LIBC_PTHREAD    -rdynamic CMakeFiles/cmTC_5730b.dir/src.c.o  -o cmTC_5730b 
CMakeFiles/cmTC_5730b.dir/src.c.o: In function `main':
src.c:(.text+0x3c): undefined reference to `pthread_create'
src.c:(.text+0x48): undefined reference to `pthread_detach'
src.c:(.text+0x59): undefined reference to `pthread_join'
src.c:(.text+0x6d): undefined reference to `pthread_atfork'
collect2: error: ld returned 1 exit status
CMakeFiles/cmTC_5730b.dir/build.make:86: recipe for target 'cmTC_5730b' failed
make[1]: *** [cmTC_5730b] Error 1
make[1]: Leaving directory '/home/brky/workspaces/fjnunes_ws/src/ompl/build/Release/CMakeFiles/CMakeTmp'
Makefile:121: recipe for target 'cmTC_5730b/fast' failed
make: *** [cmTC_5730b/fast] Error 2


Source file was:
#include <pthread.h>

void* test_func(void* data)
{
  return data;
}

int main(void)
{
  pthread_t thread;
  pthread_create(&thread, NULL, test_func, NULL);
  pthread_detach(thread);
  pthread_join(thread, NULL);
  pthread_atfork(NULL, NULL, NULL);
  pthread_exit(NULL);

  return 0;
}

Determining if the function pthread_create exists in the pthreads failed with the following output:
Change Dir: /home/brky/workspaces/fjnunes_ws/src/ompl/build/Release/CMakeFiles/CMakeTmp

Run Build Command(s):/usr/bin/make cmTC_69f62/fast && /usr/bin/make -f CMakeFiles/cmTC_69f62.dir/build.make CMakeFiles/cmTC_69f62.dir/build
make[1]: Entering directory '/home/brky/workspaces/fjnunes_ws/src/ompl/build/Release/CMakeFiles/CMakeTmp'
Building C object CMakeFiles/cmTC_69f62.dir/CheckFunctionExists.c.o
/usr/bin/cc   -DCHECK_FUNCTION_EXISTS=pthread_create   -o CMakeFiles/cmTC_69f62.dir/CheckFunctionExists.c.o   -c /usr/local/share/cmake-3.15/Modules/CheckFunctionExists.c
Linking C executable cmTC_69f62
/usr/local/bin/cmake -E cmake_link_script CMakeFiles/cmTC_69f62.dir/link.txt --verbose=1
/usr/bin/cc  -DCHECK_FUNCTION_EXISTS=pthread_create    -rdynamic CMakeFiles/cmTC_69f62.dir/CheckFunctionExists.c.o  -o cmTC_69f62 -lpthreads 
/usr/bin/ld: cannot find -lpthreads
collect2: error: ld returned 1 exit status
CMakeFiles/cmTC_69f62.dir/build.make:86: recipe for target 'cmTC_69f62' failed
make[1]: *** [cmTC_69f62] Error 1
make[1]: Leaving directory '/home/brky/workspaces/fjnunes_ws/src/ompl/build/Release/CMakeFiles/CMakeTmp'
Makefile:121: recipe for target 'cmTC_69f62/fast' failed
make: *** [cmTC_69f62/fast] Error 2



